{"name": "test_add_or_edit_languages", "status": "broken", "statusDetails": {"message": "selenium.common.exceptions.TimeoutException: Message: \nStacktrace:\nNoSuchElementError: An element could not be located on the page using the given search parameters.\n    at AndroidUiautomator2Driver.findElOrEls (C:\\Users\\Kirill_Satyukov\\.appium\\node_modules\\appium-uiautomator2-driver\\node_modules\\appium-android-driver\\lib\\commands\\find.ts:86:11)\n    at processTicksAndRejections (node:internal/process/task_queues:105:5)\n    at AndroidUiautomator2Driver.findElOrElsWithProcessing (C:\\Users\\Kirill_Satyukov\\AppData\\Roaming\\npm\\node_modules\\appium\\node_modules\\@appium\\base-driver\\lib\\basedriver\\commands\\find.ts:60:12)\n    at AndroidUiautomator2Driver.findElement (C:\\Users\\Kirill_Satyukov\\AppData\\Roaming\\npm\\node_modules\\appium\\node_modules\\@appium\\base-driver\\lib\\basedriver\\commands\\find.ts:75:12)", "trace": "onboarding = <pages.functional_tests_page.onboarding_pages.onboarding_page.OnboardingPage object at 0x000001CBA0FE2BA0>\ndevice_logs = None, logger = <Logger test_add_or_edit_languages (DEBUG)>\n\n    @pytest.mark.onboarding\n    @pytest.mark.smoke\n    def test_add_or_edit_languages(onboarding, device_logs, logger):\n        \"\"\"Тест кнопки 'Add or edit languages' и навигации обратно\"\"\"\n        try:\n            logger.info(\"=== Начало теста: проверка кнопки 'Add or edit languages' ===\")\n    \n            with allure.step(\"1. Проверка начального экрана\"):\n                logger.debug(\"Проверяем видимость кнопки 'Add or edit languages'\")\n                assert onboarding.is_add_language_button_visible(), \"Кнопка не отображается\"\n                onboarding.tap_add_language_button()\n                logger.info(\"Кнопка найдена и нажата\")\n    \n            with allure.step(\"2. Проверка экрана выбора языков\"):\n                logger.debug(\"Ищем кнопку 'Add language' в списке\")\n                assert onboarding.is_add_language_in_list_visible(), \"Кнопка в списке не найдена\"\n                onboarding.tap_add_language_in_list()\n                logger.info(\"Перешли на экран добавления языка\")\n    \n            with allure.step(\"3. Возврат через навигацию\"):\n                logger.debug(\"Проверяем кнопку 'Navigate up'\")\n                assert onboarding.is_navigate_up_visible(), \"Кнопка навигации не найдена\"\n                onboarding.tap_navigate_up()\n                logger.info(\"Вернулись на предыдущий экран\")\n    \n            with allure.step(\"4. Финальная проверка (с явным ожиданием)\"):\n                logger.debug(\"Проверяем возврат на экран онбординга\")\n                try:\n                    # Добавляем явное ожидание\n                    from selenium.webdriver.support.ui import WebDriverWait\n                    from selenium.webdriver.support import expected_conditions as EC\n>                   WebDriverWait(onboarding.driver, 15).until(\n                        EC.visibility_of_element_located(onboarding._CONTINUE_BTN)\n                    )\n\ntest_onboarding.py:36: \n_ _ _ _ _ _ _ _ _ _ _ _ _ _ _ _ _ _ _ _ _ _ _ _ _ _ _ _ _ _ _ _ _ _ _ _ _ _ _ _\n\nself = <selenium.webdriver.support.wait.WebDriverWait (session=\"aec11000-2847-41e3-98cd-8842bf930cd9\")>\nmethod = <function visibility_of_element_located.<locals>._predicate at 0x000001CBA0FFE840>\nmessage = ''\n\n    def until(self, method: Callable[[D], Union[Literal[False], T]], message: str = \"\") -> T:\n        \"\"\"Wait until the method returns a value that is not False.\n    \n        Calls the method provided with the driver as an argument until the\n        return value does not evaluate to ``False``.\n    \n        Parameters:\n        ----------\n        method: callable(WebDriver)\n            - A callable object that takes a WebDriver instance as an argument.\n    \n        message: str\n            - Optional message for :exc:`TimeoutException`\n    \n        Return:\n        -------\n        object: T\n            - The result of the last call to `method`\n    \n        Raises:\n        -------\n        TimeoutException\n            - If 'method' does not return a truthy value within the WebDriverWait\n            object's timeout\n    \n        Example:\n        --------\n        >>> from selenium.webdriver.common.by import By\n        >>> from selenium.webdriver.support.ui import WebDriverWait\n        >>> from selenium.webdriver.support import expected_conditions as EC\n    \n        # Wait until an element is visible on the page\n        >>> wait = WebDriverWait(driver, 10)\n        >>> element = wait.until(EC.visibility_of_element_located((By.ID, \"exampleId\")))\n        >>> print(element.text)\n        \"\"\"\n        screen = None\n        stacktrace = None\n    \n        end_time = time.monotonic() + self._timeout\n        while True:\n            try:\n                value = method(self._driver)\n                if value:\n                    return value\n            except self._ignored_exceptions as exc:\n                screen = getattr(exc, \"screen\", None)\n                stacktrace = getattr(exc, \"stacktrace\", None)\n            if time.monotonic() > end_time:\n                break\n            time.sleep(self._poll)\n>       raise TimeoutException(message, screen, stacktrace)\nE       selenium.common.exceptions.TimeoutException: Message: \nE       Stacktrace:\nE       NoSuchElementError: An element could not be located on the page using the given search parameters.\nE           at AndroidUiautomator2Driver.findElOrEls (C:\\Users\\Kirill_Satyukov\\.appium\\node_modules\\appium-uiautomator2-driver\\node_modules\\appium-android-driver\\lib\\commands\\find.ts:86:11)\nE           at processTicksAndRejections (node:internal/process/task_queues:105:5)\nE           at AndroidUiautomator2Driver.findElOrElsWithProcessing (C:\\Users\\Kirill_Satyukov\\AppData\\Roaming\\npm\\node_modules\\appium\\node_modules\\@appium\\base-driver\\lib\\basedriver\\commands\\find.ts:60:12)\nE           at AndroidUiautomator2Driver.findElement (C:\\Users\\Kirill_Satyukov\\AppData\\Roaming\\npm\\node_modules\\appium\\node_modules\\@appium\\base-driver\\lib\\basedriver\\commands\\find.ts:75:12)\n\n..\\..\\..\\..\\AndroidTests\\.venv\\Lib\\site-packages\\selenium\\webdriver\\support\\wait.py:146: TimeoutException"}, "description": "Тест кнопки 'Add or edit languages' и навигации обратно", "steps": [{"name": "1. Проверка начального экрана", "status": "passed", "start": 1744771584780, "stop": 1744771585984}, {"name": "2. Проверка экрана выбора языков", "status": "passed", "start": 1744771585984, "stop": 1744771587555}, {"name": "3. Возврат через навигацию", "status": "passed", "start": 1744771587556, "stop": 1744771589165}, {"name": "4. Финальная проверка (с явным ожиданием)", "status": "broken", "statusDetails": {"message": "selenium.common.exceptions.TimeoutException: Message: \nStacktrace:\nNoSuchElementError: An element could not be located on the page using the given search parameters.\n    at AndroidUiautomator2Driver.findElOrEls (C:\\Users\\Kirill_Satyukov\\.appium\\node_modules\\appium-uiautomator2-driver\\node_modules\\appium-android-driver\\lib\\commands\\find.ts:86:11)\n    at processTicksAndRejections (node:internal/process/task_queues:105:5)\n    at AndroidUiautomator2Driver.findElOrElsWithProcessing (C:\\Users\\Kirill_Satyukov\\AppData\\Roaming\\npm\\node_modules\\appium\\node_modules\\@appium\\base-driver\\lib\\basedriver\\commands\\find.ts:60:12)\n    at AndroidUiautomator2Driver.findElement (C:\\Users\\Kirill_Satyukov\\AppData\\Roaming\\npm\\node_modules\\appium\\node_modules\\@appium\\base-driver\\lib\\basedriver\\commands\\find.ts:75:12)\n", "trace": "  File \"C:\\Users\\Kirill_Satyukov\\PycharmProjects\\WikiTests\\tests\\functional_tests\\onboarding\\test_onboarding.py\", line 36, in test_add_or_edit_languages\n    WebDriverWait(onboarding.driver, 15).until(\n    ~~~~~~~~~~~~~~~~~~~~~~~~~~~~~~~~~~~~~~~~~~^\n        EC.visibility_of_element_located(onboarding._CONTINUE_BTN)\n        ^^^^^^^^^^^^^^^^^^^^^^^^^^^^^^^^^^^^^^^^^^^^^^^^^^^^^^^^^^\n    )\n    ^\n  File \"C:\\Users\\Kirill_Satyukov\\PycharmProjects\\AndroidTests\\.venv\\Lib\\site-packages\\selenium\\webdriver\\support\\wait.py\", line 146, in until\n    raise TimeoutException(message, screen, stacktrace)\n"}, "start": 1744771589165, "stop": 1744771604476}], "attachments": [{"name": "screenshot_on_failure", "source": "7f3196c5-b4d0-4fea-baa3-20f3e9f7f4d6-attachment.png", "type": "image/png"}, {"name": "log", "source": "99e033a7-cb78-41aa-b713-177f1e438ea0-attachment.txt", "type": "text/plain"}, {"name": "stdout", "source": "197b35a1-d2fd-4335-9d44-c9691e3eab48-attachment.txt", "type": "text/plain"}, {"name": "stderr", "source": "b092f693-d8f6-4188-a12f-426dd591031c-attachment.txt", "type": "text/plain"}], "start": 1744771584779, "stop": 1744771604477, "uuid": "113027d9-1529-43ee-b7c6-ae8b30195317", "historyId": "34bdfaca75d2096615f9d1ef667d5eb7", "testCaseId": "f9a126f1eeea29e091b2358b0e07abf4", "fullName": "tests.functional_tests.onboarding.test_onboarding#test_add_or_edit_languages", "labels": [{"name": "tag", "value": "smoke"}, {"name": "tag", "value": "onboarding"}, {"name": "parentSuite", "value": "tests.functional_tests.onboarding"}, {"name": "suite", "value": "test_onboarding"}, {"name": "host", "value": "DESKTOP-JUSTRQJ"}, {"name": "thread", "value": "5848-MainThread"}, {"name": "framework", "value": "pytest"}, {"name": "language", "value": "cpython3"}, {"name": "package", "value": "tests.functional_tests.onboarding.test_onboarding"}]}